<?xml version="1.0" encoding="UTF-8"?>
<testng-results skipped="0" failed="0" ignored="0" total="0" passed="0">
  <reporter-output>
  </reporter-output>
  <suite name="newmaven.mavenart.AppTest" duration-ms="5" started-at="2019-10-24T12:11:47Z" finished-at="2019-10-24T12:11:47Z">
    <groups>
    </groups>
    <test name="Command line test" duration-ms="5" started-at="2019-10-24T12:11:47Z" finished-at="2019-10-24T12:11:47Z">
      <class name="newmaven.mavenart.AppTest">
        <test-method status="PASS" signature="setup()[pri:0, instance:newmaven.mavenart.AppTest@27f674d]" name="setup" is-config="true" duration-ms="12074" started-at="2019-10-24T17:41:34Z" finished-at="2019-10-24T17:41:47Z">
          <reporter-output>
          </reporter-output>
        </test-method> <!-- setup -->
      </class> <!-- newmaven.mavenart.AppTest -->
    </test> <!-- Command line test -->
  </suite> <!-- newmaven.mavenart.AppTest -->
</testng-results>
