<?xml version="1.0" encoding="UTF-8"?>
<testng-results skipped="0" failed="0" ignored="0" total="0" passed="0">
  <reporter-output>
  </reporter-output>
  <suite name="newmaven.mavenart.AppTest" duration-ms="10" started-at="2019-11-01T11:46:05Z" finished-at="2019-11-01T11:46:05Z">
    <groups>
    </groups>
    <test name="Command line test" duration-ms="10" started-at="2019-11-01T11:46:05Z" finished-at="2019-11-01T11:46:05Z">
      <class name="newmaven.mavenart.AppTest">
        <test-method status="PASS" signature="setup()[pri:0, instance:newmaven.mavenart.AppTest@dfd3711]" name="setup" is-config="true" duration-ms="8096" started-at="2019-11-01T17:15:57Z" finished-at="2019-11-01T17:16:05Z">
          <reporter-output>
          </reporter-output>
        </test-method> <!-- setup -->
      </class> <!-- newmaven.mavenart.AppTest -->
    </test> <!-- Command line test -->
  </suite> <!-- newmaven.mavenart.AppTest -->
</testng-results>
