<?xml version="1.0" encoding="UTF-8"?>
<!-- Generated by org.testng.reporters.JUnitXMLReporter -->
<testsuite hostname="DGT-0F1-LAP070" ignored="2" tests="0" failures="0" timestamp="31 Aug 2019 08:52:42 GMT" time="0.0" errors="0">
  <testcase name="login" time="0.0" classname="com.Laundry.PageObjects.Login_TC1">
    <ignored/>
  </testcase> <!-- login -->
  <testcase name="login04" time="0.0" classname="com.Laundry.PageObjects.Login_TC4">
    <ignored/>
  </testcase> <!-- login04 -->
</testsuite>
